<html>
<head>
<title>TestNG:   Regression Tests</title>
<link href="../testng.css" rel="stylesheet" type="text/css" />
<link href="../my-testng.css" rel="stylesheet" type="text/css" />

<style type="text/css">
.log { display: none;} 
.stack-trace { display: none;} 
</style>
<script type="text/javascript">
<!--
function flip(e) {
  current = e.style.display;
  if (current == 'block') {
    e.style.display = 'none';
    return 0;
  }
  else {
    e.style.display = 'block';
    return 1;
  }
}

function toggleBox(szDivId, elem, msg1, msg2)
{
  var res = -1;  if (document.getElementById) {
    res = flip(document.getElementById(szDivId));
  }
  else if (document.all) {
    // this is the way old msie versions work
    res = flip(document.all[szDivId]);
  }
  if(elem) {
    if(res == 0) elem.innerHTML = msg1; else elem.innerHTML = msg2;
  }

}

function toggleAllBoxes() {
  if (document.getElementsByTagName) {
    d = document.getElementsByTagName('div');
    for (i = 0; i < d.length; i++) {
      if (d[i].className == 'log') {
        flip(d[i]);
      }
    }
  }
}

// -->
</script>

</head>
<body>
<h2 align='center'> Regression Tests</h2><table border='1' align="center">
<tr>
<td>Tests passed/Failed/Skipped:</td><td>15/0/0</td>
</tr><tr>
<td>Started on:</td><td>Sun May 14 11:34:21 CEST 2023</td>
</tr>
<tr><td>Total time:</td><td>82 seconds (82572 ms)</td>
</tr><tr>
<td>Included groups:</td><td></td>
</tr><tr>
<td>Excluded groups:</td><td></td>
</tr>
</table><p/>
<small><i>(Hover the method name to see the test class name)</i></small><p/>
<table width='100%' border='1' class='invocation-failed'>
<tr><td colspan='4' align='center'><b>FAILED CONFIGURATIONS</b></td></tr>
<tr><td><b>Test method</b></td>
<td width="30%"><b>Exception</b></td>
<td width="10%"><b>Time (seconds)</b></td>
<td><b>Instance</b></td>
</tr>
<tr>
<td title='com.parasoft.paraproject.BillPay.tearDown()'><b>tearDown</b><br>Test class: com.parasoft.paraproject.BillPay</td>
<td><div><pre>java.lang.AssertionError: java.lang.AssertionError: expected [Bill Payment Complete] but found []java.lang.AssertionError: expected [$100.00] but found []
	at com.parasoft.paraproject.BillPay.tearDown(BillPay.java:80)
	at java.util.ArrayList.forEach(ArrayList.java:1257)
... Removed 26 stack frames</pre></div><a href='#' onClick='toggleBox("stack-trace1919834117", this, "Click to show all stack frames", "Click to hide stack frames")'>Click to show all stack frames</a>
<div class='stack-trace' id='stack-trace1919834117'><pre>java.lang.AssertionError: java.lang.AssertionError: expected [Bill Payment Complete] but found []java.lang.AssertionError: expected [$100.00] but found []
	at org.testng.Assert.fail(Assert.java:97)
	at com.parasoft.paraproject.BillPay.tearDown(BillPay.java:80)
	at sun.reflect.NativeMethodAccessorImpl.invoke0(Native Method)
	at sun.reflect.NativeMethodAccessorImpl.invoke(NativeMethodAccessorImpl.java:62)
	at sun.reflect.DelegatingMethodAccessorImpl.invoke(DelegatingMethodAccessorImpl.java:43)
	at java.lang.reflect.Method.invoke(Method.java:498)
	at org.testng.internal.MethodInvocationHelper.invokeMethod(MethodInvocationHelper.java:134)
	at org.testng.internal.MethodInvocationHelper.invokeMethodConsideringTimeout(MethodInvocationHelper.java:63)
	at org.testng.internal.ConfigInvoker.invokeConfigurationMethod(ConfigInvoker.java:348)
	at org.testng.internal.ConfigInvoker.invokeConfigurations(ConfigInvoker.java:302)
	at org.testng.internal.TestMethodWorker.invokeAfterClassMethods(TestMethodWorker.java:217)
	at org.testng.internal.TestMethodWorker.run(TestMethodWorker.java:130)
	at java.util.ArrayList.forEach(ArrayList.java:1257)
	at org.testng.TestRunner.privateRun(TestRunner.java:766)
	at org.testng.TestRunner.run(TestRunner.java:587)
	at org.testng.SuiteRunner.runTest(SuiteRunner.java:384)
	at org.testng.SuiteRunner.runSequentially(SuiteRunner.java:378)
	at org.testng.SuiteRunner.privateRun(SuiteRunner.java:337)
	at org.testng.SuiteRunner.run(SuiteRunner.java:286)
	at org.testng.SuiteRunnerWorker.runSuite(SuiteRunnerWorker.java:53)
	at org.testng.SuiteRunnerWorker.run(SuiteRunnerWorker.java:96)
	at org.testng.TestNG.runSuitesSequentially(TestNG.java:1187)
	at org.testng.TestNG.runSuitesLocally(TestNG.java:1109)
	at org.testng.TestNG.runSuites(TestNG.java:1039)
	at org.testng.TestNG.run(TestNG.java:1007)
	at org.testng.remote.AbstractRemoteTestNG.run(AbstractRemoteTestNG.java:115)
	at org.testng.remote.RemoteTestNG.initAndRun(RemoteTestNG.java:251)
	at org.testng.remote.RemoteTestNG.main(RemoteTestNG.java:77)
</pre></div></td>
<td>0</td>
<td>com.parasoft.paraproject.BillPay@1f57539</td></tr>
<tr>
<td title='com.parasoft.paraproject.AccountOverview.tearDown()'><b>tearDown</b><br>Test class: com.parasoft.paraproject.AccountOverview</td>
<td><div><pre>java.lang.AssertionError: java.lang.AssertionError: expected [CHECKING] but found []java.lang.AssertionError: expected [$10000.00] but found []java.lang.AssertionError: expected [$10000.00] but found []
	at com.parasoft.paraproject.AccountOverview.tearDown(AccountOverview.java:113)
	at java.util.ArrayList.forEach(ArrayList.java:1257)
... Removed 26 stack frames</pre></div><a href='#' onClick='toggleBox("stack-trace1923634801", this, "Click to show all stack frames", "Click to hide stack frames")'>Click to show all stack frames</a>
<div class='stack-trace' id='stack-trace1923634801'><pre>java.lang.AssertionError: java.lang.AssertionError: expected [CHECKING] but found []java.lang.AssertionError: expected [$10000.00] but found []java.lang.AssertionError: expected [$10000.00] but found []
	at org.testng.Assert.fail(Assert.java:97)
	at com.parasoft.paraproject.AccountOverview.tearDown(AccountOverview.java:113)
	at sun.reflect.NativeMethodAccessorImpl.invoke0(Native Method)
	at sun.reflect.NativeMethodAccessorImpl.invoke(NativeMethodAccessorImpl.java:62)
	at sun.reflect.DelegatingMethodAccessorImpl.invoke(DelegatingMethodAccessorImpl.java:43)
	at java.lang.reflect.Method.invoke(Method.java:498)
	at org.testng.internal.MethodInvocationHelper.invokeMethod(MethodInvocationHelper.java:134)
	at org.testng.internal.MethodInvocationHelper.invokeMethodConsideringTimeout(MethodInvocationHelper.java:63)
	at org.testng.internal.ConfigInvoker.invokeConfigurationMethod(ConfigInvoker.java:348)
	at org.testng.internal.ConfigInvoker.invokeConfigurations(ConfigInvoker.java:302)
	at org.testng.internal.TestMethodWorker.invokeAfterClassMethods(TestMethodWorker.java:217)
	at org.testng.internal.TestMethodWorker.run(TestMethodWorker.java:130)
	at java.util.ArrayList.forEach(ArrayList.java:1257)
	at org.testng.TestRunner.privateRun(TestRunner.java:766)
	at org.testng.TestRunner.run(TestRunner.java:587)
	at org.testng.SuiteRunner.runTest(SuiteRunner.java:384)
	at org.testng.SuiteRunner.runSequentially(SuiteRunner.java:378)
	at org.testng.SuiteRunner.privateRun(SuiteRunner.java:337)
	at org.testng.SuiteRunner.run(SuiteRunner.java:286)
	at org.testng.SuiteRunnerWorker.runSuite(SuiteRunnerWorker.java:53)
	at org.testng.SuiteRunnerWorker.run(SuiteRunnerWorker.java:96)
	at org.testng.TestNG.runSuitesSequentially(TestNG.java:1187)
	at org.testng.TestNG.runSuitesLocally(TestNG.java:1109)
	at org.testng.TestNG.runSuites(TestNG.java:1039)
	at org.testng.TestNG.run(TestNG.java:1007)
	at org.testng.remote.AbstractRemoteTestNG.run(AbstractRemoteTestNG.java:115)
	at org.testng.remote.RemoteTestNG.initAndRun(RemoteTestNG.java:251)
	at org.testng.remote.RemoteTestNG.main(RemoteTestNG.java:77)
</pre></div></td>
<td>0</td>
<td>com.parasoft.paraproject.AccountOverview@4493d195</td></tr>
<tr>
<td title='com.parasoft.paraproject.UpdateContactInfo.tearDown()'><b>tearDown</b><br>Test class: com.parasoft.paraproject.UpdateContactInfo</td>
<td><div><pre>java.lang.AssertionError: java.lang.AssertionError: expected [Profile Updated] but found [Update Profile]
	at com.parasoft.paraproject.UpdateContactInfo.tearDown(UpdateContactInfo.java:78)
	at java.util.ArrayList.forEach(ArrayList.java:1257)
... Removed 26 stack frames</pre></div><a href='#' onClick='toggleBox("stack-trace753426788", this, "Click to show all stack frames", "Click to hide stack frames")'>Click to show all stack frames</a>
<div class='stack-trace' id='stack-trace753426788'><pre>java.lang.AssertionError: java.lang.AssertionError: expected [Profile Updated] but found [Update Profile]
	at org.testng.Assert.fail(Assert.java:97)
	at com.parasoft.paraproject.UpdateContactInfo.tearDown(UpdateContactInfo.java:78)
	at sun.reflect.NativeMethodAccessorImpl.invoke0(Native Method)
	at sun.reflect.NativeMethodAccessorImpl.invoke(NativeMethodAccessorImpl.java:62)
	at sun.reflect.DelegatingMethodAccessorImpl.invoke(DelegatingMethodAccessorImpl.java:43)
	at java.lang.reflect.Method.invoke(Method.java:498)
	at org.testng.internal.MethodInvocationHelper.invokeMethod(MethodInvocationHelper.java:134)
	at org.testng.internal.MethodInvocationHelper.invokeMethodConsideringTimeout(MethodInvocationHelper.java:63)
	at org.testng.internal.ConfigInvoker.invokeConfigurationMethod(ConfigInvoker.java:348)
	at org.testng.internal.ConfigInvoker.invokeConfigurations(ConfigInvoker.java:302)
	at org.testng.internal.TestMethodWorker.invokeAfterClassMethods(TestMethodWorker.java:217)
	at org.testng.internal.TestMethodWorker.run(TestMethodWorker.java:130)
	at java.util.ArrayList.forEach(ArrayList.java:1257)
	at org.testng.TestRunner.privateRun(TestRunner.java:766)
	at org.testng.TestRunner.run(TestRunner.java:587)
	at org.testng.SuiteRunner.runTest(SuiteRunner.java:384)
	at org.testng.SuiteRunner.runSequentially(SuiteRunner.java:378)
	at org.testng.SuiteRunner.privateRun(SuiteRunner.java:337)
	at org.testng.SuiteRunner.run(SuiteRunner.java:286)
	at org.testng.SuiteRunnerWorker.runSuite(SuiteRunnerWorker.java:53)
	at org.testng.SuiteRunnerWorker.run(SuiteRunnerWorker.java:96)
	at org.testng.TestNG.runSuitesSequentially(TestNG.java:1187)
	at org.testng.TestNG.runSuitesLocally(TestNG.java:1109)
	at org.testng.TestNG.runSuites(TestNG.java:1039)
	at org.testng.TestNG.run(TestNG.java:1007)
	at org.testng.remote.AbstractRemoteTestNG.run(AbstractRemoteTestNG.java:115)
	at org.testng.remote.RemoteTestNG.initAndRun(RemoteTestNG.java:251)
	at org.testng.remote.RemoteTestNG.main(RemoteTestNG.java:77)
</pre></div></td>
<td>0</td>
<td>com.parasoft.paraproject.UpdateContactInfo@57e1b0c</td></tr>
<tr>
<td title='com.parasoft.paraproject.TransferFunds.tearDown()'><b>tearDown</b><br>Test class: com.parasoft.paraproject.TransferFunds</td>
<td><div><pre>java.lang.AssertionError: java.lang.AssertionError: expected [$1000.00] but found []
	at com.parasoft.paraproject.TransferFunds.tearDown(TransferFunds.java:59)
	at java.util.ArrayList.forEach(ArrayList.java:1257)
... Removed 26 stack frames</pre></div><a href='#' onClick='toggleBox("stack-trace633131207", this, "Click to show all stack frames", "Click to hide stack frames")'>Click to show all stack frames</a>
<div class='stack-trace' id='stack-trace633131207'><pre>java.lang.AssertionError: java.lang.AssertionError: expected [$1000.00] but found []
	at org.testng.Assert.fail(Assert.java:97)
	at com.parasoft.paraproject.TransferFunds.tearDown(TransferFunds.java:59)
	at sun.reflect.NativeMethodAccessorImpl.invoke0(Native Method)
	at sun.reflect.NativeMethodAccessorImpl.invoke(NativeMethodAccessorImpl.java:62)
	at sun.reflect.DelegatingMethodAccessorImpl.invoke(DelegatingMethodAccessorImpl.java:43)
	at java.lang.reflect.Method.invoke(Method.java:498)
	at org.testng.internal.MethodInvocationHelper.invokeMethod(MethodInvocationHelper.java:134)
	at org.testng.internal.MethodInvocationHelper.invokeMethodConsideringTimeout(MethodInvocationHelper.java:63)
	at org.testng.internal.ConfigInvoker.invokeConfigurationMethod(ConfigInvoker.java:348)
	at org.testng.internal.ConfigInvoker.invokeConfigurations(ConfigInvoker.java:302)
	at org.testng.internal.TestMethodWorker.invokeAfterClassMethods(TestMethodWorker.java:217)
	at org.testng.internal.TestMethodWorker.run(TestMethodWorker.java:130)
	at java.util.ArrayList.forEach(ArrayList.java:1257)
	at org.testng.TestRunner.privateRun(TestRunner.java:766)
	at org.testng.TestRunner.run(TestRunner.java:587)
	at org.testng.SuiteRunner.runTest(SuiteRunner.java:384)
	at org.testng.SuiteRunner.runSequentially(SuiteRunner.java:378)
	at org.testng.SuiteRunner.privateRun(SuiteRunner.java:337)
	at org.testng.SuiteRunner.run(SuiteRunner.java:286)
	at org.testng.SuiteRunnerWorker.runSuite(SuiteRunnerWorker.java:53)
	at org.testng.SuiteRunnerWorker.run(SuiteRunnerWorker.java:96)
	at org.testng.TestNG.runSuitesSequentially(TestNG.java:1187)
	at org.testng.TestNG.runSuitesLocally(TestNG.java:1109)
	at org.testng.TestNG.runSuites(TestNG.java:1039)
	at org.testng.TestNG.run(TestNG.java:1007)
	at org.testng.remote.AbstractRemoteTestNG.run(AbstractRemoteTestNG.java:115)
	at org.testng.remote.RemoteTestNG.initAndRun(RemoteTestNG.java:251)
	at org.testng.remote.RemoteTestNG.main(RemoteTestNG.java:77)
</pre></div></td>
<td>0</td>
<td>com.parasoft.paraproject.TransferFunds@4232c52b</td></tr>
</table><p>
<table width='100%' border='1' class='invocation-passed'>
<tr><td colspan='4' align='center'><b>PASSED TESTS</b></td></tr>
<tr><td><b>Test method</b></td>
<td width="30%"><b>Exception</b></td>
<td width="10%"><b>Time (seconds)</b></td>
<td><b>Instance</b></td>
</tr>
<tr>
<td title='com.parasoft.paraproject.AccountOverview.testAccountOverview()'><b>testAccountOverview</b><br>Test class: com.parasoft.paraproject.AccountOverview</td>
<td></td>
<td>2</td>
<td>com.parasoft.paraproject.AccountOverview@4493d195</td></tr>
<tr>
<td title='com.parasoft.paraproject.AccountServices.testAccountServices()'><b>testAccountServices</b><br>Test class: com.parasoft.paraproject.AccountServices</td>
<td></td>
<td>0</td>
<td>com.parasoft.paraproject.AccountServices@2781e022</td></tr>
<tr>
<td title='com.parasoft.paraproject.BillPay.testBillPay()'><b>testBillPay</b><br>Test class: com.parasoft.paraproject.BillPay</td>
<td></td>
<td>3</td>
<td>com.parasoft.paraproject.BillPay@1f57539</td></tr>
<tr>
<td title='com.parasoft.paraproject.LoginPage.testLoginscreen()'><b>testLoginscreen</b><br>Test class: com.parasoft.paraproject.LoginPage</td>
<td></td>
<td>4</td>
<td>com.parasoft.paraproject.LoginPage@76f2b07d</td></tr>
<tr>
<td title='com.parasoft.paraproject.OpenAccount.testOpenNewAccount()'><b>testOpenNewAccount</b><br>Test class: com.parasoft.paraproject.OpenAccount</td>
<td></td>
<td>6</td>
<td>com.parasoft.paraproject.OpenAccount@704a52ec</td></tr>
<tr>
<td title='com.parasoft.paraproject.BillPay.testRegistration()'><b>testRegistration</b><br>Test class: com.parasoft.paraproject.BillPay</td>
<td></td>
<td>5</td>
<td>com.parasoft.paraproject.BillPay@1f57539</td></tr>
<tr>
<td title='com.parasoft.paraproject.OpenAccount.testRegistration()'><b>testRegistration</b><br>Test class: com.parasoft.paraproject.OpenAccount</td>
<td></td>
<td>5</td>
<td>com.parasoft.paraproject.OpenAccount@704a52ec</td></tr>
<tr>
<td title='com.parasoft.paraproject.RequestLoan.testRegistration()'><b>testRegistration</b><br>Test class: com.parasoft.paraproject.RequestLoan</td>
<td></td>
<td>4</td>
<td>com.parasoft.paraproject.RequestLoan@6ee52dcd</td></tr>
<tr>
<td title='com.parasoft.paraproject.AccountOverview.testRegistration()'><b>testRegistration</b><br>Test class: com.parasoft.paraproject.AccountOverview</td>
<td></td>
<td>5</td>
<td>com.parasoft.paraproject.AccountOverview@4493d195</td></tr>
<tr>
<td title='com.parasoft.paraproject.AccountServices.testRegistration()'><b>testRegistration</b><br>Test class: com.parasoft.paraproject.AccountServices</td>
<td></td>
<td>9</td>
<td>com.parasoft.paraproject.AccountServices@2781e022</td></tr>
<tr>
<td title='com.parasoft.paraproject.UpdateContactInfo.testRegistration()'><b>testRegistration</b><br>Test class: com.parasoft.paraproject.UpdateContactInfo</td>
<td></td>
<td>4</td>
<td>com.parasoft.paraproject.UpdateContactInfo@57e1b0c</td></tr>
<tr>
<td title='com.parasoft.paraproject.TransferFunds.testRegistration()'><b>testRegistration</b><br>Test class: com.parasoft.paraproject.TransferFunds</td>
<td></td>
<td>5</td>
<td>com.parasoft.paraproject.TransferFunds@4232c52b</td></tr>
<tr>
<td title='com.parasoft.paraproject.RequestLoan.testRequestLoan1()'><b>testRequestLoan1</b><br>Test class: com.parasoft.paraproject.RequestLoan</td>
<td></td>
<td>1</td>
<td>com.parasoft.paraproject.RequestLoan@6ee52dcd</td></tr>
<tr>
<td title='com.parasoft.paraproject.TransferFunds.testTransferFunds()'><b>testTransferFunds</b><br>Test class: com.parasoft.paraproject.TransferFunds</td>
<td></td>
<td>1</td>
<td>com.parasoft.paraproject.TransferFunds@4232c52b</td></tr>
<tr>
<td title='com.parasoft.paraproject.UpdateContactInfo.testUpdateContactinfo()'><b>testUpdateContactinfo</b><br>Test class: com.parasoft.paraproject.UpdateContactInfo</td>
<td></td>
<td>3</td>
<td>com.parasoft.paraproject.UpdateContactInfo@57e1b0c</td></tr>
</table><p>
</body>
</html>