<?xml version="1.0" encoding="UTF-8"?>
<!-- Generated by org.testng.reporters.JUnitXMLReporter -->
<testsuite hostname="ShiluMukund" ignored="0" name=" Regression Tests" tests="15" failures="0" timestamp="2023-05-14T11:35:44 CEST" time="82.572" errors="0">
  <testcase name="@AfterClass tearDown" time="0.853" classname="com.parasoft.paraproject.BillPay">
    <failure type="java.lang.AssertionError" message="java.lang.AssertionError: expected [Bill Payment Complete] but found []java.lang.AssertionError: expected [$100.00] but found []">
      <![CDATA[java.lang.AssertionError: java.lang.AssertionError: expected [Bill Payment Complete] but found []java.lang.AssertionError: expected [$100.00] but found []
at com.parasoft.paraproject.BillPay.tearDown(BillPay.java:80)
at java.util.ArrayList.forEach(ArrayList.java:1257)
... Removed 26 stack frames]]>
    </failure>
  </testcase> <!-- @AfterClass tearDown -->
  <testcase name="@AfterClass tearDown" time="0.704" classname="com.parasoft.paraproject.AccountOverview">
    <failure type="java.lang.AssertionError" message="java.lang.AssertionError: expected [CHECKING] but found []java.lang.AssertionError: expected [$10000.00] but found []java.lang.AssertionError: expected [$10000.00] but found []">
      <![CDATA[java.lang.AssertionError: java.lang.AssertionError: expected [CHECKING] but found []java.lang.AssertionError: expected [$10000.00] but found []java.lang.AssertionError: expected [$10000.00] but found []
at com.parasoft.paraproject.AccountOverview.tearDown(AccountOverview.java:113)
at java.util.ArrayList.forEach(ArrayList.java:1257)
... Removed 26 stack frames]]>
    </failure>
  </testcase> <!-- @AfterClass tearDown -->
  <testcase name="@AfterClass tearDown" time="0.811" classname="com.parasoft.paraproject.UpdateContactInfo">
    <failure type="java.lang.AssertionError" message="java.lang.AssertionError: expected [Profile Updated] but found [Update Profile]">
      <![CDATA[java.lang.AssertionError: java.lang.AssertionError: expected [Profile Updated] but found [Update Profile]
at com.parasoft.paraproject.UpdateContactInfo.tearDown(UpdateContactInfo.java:78)
at java.util.ArrayList.forEach(ArrayList.java:1257)
... Removed 26 stack frames]]>
    </failure>
  </testcase> <!-- @AfterClass tearDown -->
  <testcase name="@AfterClass tearDown" time="0.702" classname="com.parasoft.paraproject.TransferFunds">
    <failure type="java.lang.AssertionError" message="java.lang.AssertionError: expected [$1000.00] but found []">
      <![CDATA[java.lang.AssertionError: java.lang.AssertionError: expected [$1000.00] but found []
at com.parasoft.paraproject.TransferFunds.tearDown(TransferFunds.java:59)
at java.util.ArrayList.forEach(ArrayList.java:1257)
... Removed 26 stack frames]]>
    </failure>
  </testcase> <!-- @AfterClass tearDown -->
  <testcase name="testRegistration" time="5.124" classname="com.parasoft.paraproject.Baseclass_RegistrationPage"/>
  <testcase name="testBillPay" time="3.179" classname="com.parasoft.paraproject.BillPay"/>
  <testcase name="testLoginscreen" time="4.757" classname="com.parasoft.paraproject.LoginPage"/>
  <testcase name="testRegistration" time="5.452" classname="com.parasoft.paraproject.Baseclass_RegistrationPage"/>
  <testcase name="testOpenNewAccount" time="6.141" classname="com.parasoft.paraproject.OpenAccount"/>
  <testcase name="testRegistration" time="4.982" classname="com.parasoft.paraproject.Baseclass_RegistrationPage"/>
  <testcase name="testRequestLoan1" time="1.866" classname="com.parasoft.paraproject.RequestLoan"/>
  <testcase name="testRegistration" time="5.242" classname="com.parasoft.paraproject.Baseclass_RegistrationPage"/>
  <testcase name="testAccountOverview" time="2.337" classname="com.parasoft.paraproject.AccountOverview"/>
  <testcase name="testRegistration" time="9.129" classname="com.parasoft.paraproject.Baseclass_RegistrationPage"/>
  <testcase name="testAccountServices" time="0.407" classname="com.parasoft.paraproject.AccountServices"/>
  <testcase name="testRegistration" time="4.681" classname="com.parasoft.paraproject.Baseclass_RegistrationPage"/>
  <testcase name="testUpdateContactinfo" time="3.033" classname="com.parasoft.paraproject.UpdateContactInfo"/>
  <testcase name="testRegistration" time="5.828" classname="com.parasoft.paraproject.Baseclass_RegistrationPage"/>
  <testcase name="testTransferFunds" time="1.583" classname="com.parasoft.paraproject.TransferFunds"/>
</testsuite> <!--  Regression Tests -->
