<?xml version="1.0" encoding="UTF-8"?>
<!-- Generated by org.testng.reporters.JUnitXMLReporter -->
<testsuite hostname="ShiluMukund" ignored="0" name="Smoke Tests" tests="2" failures="0" timestamp="2023-05-14T11:33:40 CEST" time="14.313" errors="0">
  <testcase name="@AfterClass tearDown" time="0.842" classname="com.parasoft.paraproject.BillPay">
    <failure type="java.lang.AssertionError" message="java.lang.AssertionError: expected [Bill Payment Complete] but found []java.lang.AssertionError: expected [$100.00] but found []">
      <![CDATA[java.lang.AssertionError: java.lang.AssertionError: expected [Bill Payment Complete] but found []java.lang.AssertionError: expected [$100.00] but found []
at com.parasoft.paraproject.BillPay.tearDown(BillPay.java:80)
at java.util.ArrayList.forEach(ArrayList.java:1257)
... Removed 26 stack frames]]>
    </failure>
  </testcase> <!-- @AfterClass tearDown -->
  <testcase name="testRegistration" time="6.127" classname="com.parasoft.paraproject.Baseclass_RegistrationPage"/>
  <testcase name="testBillPay" time="3.236" classname="com.parasoft.paraproject.BillPay"/>
</testsuite> <!-- Smoke Tests -->
