<?xml version="1.0" encoding="UTF-8"?>
<testng-results skipped="0" failed="0" ignored="0" total="15" passed="15">
  <reporter-output>
  </reporter-output>
  <suite name="Suite" duration-ms="82572" started-at="2023-05-14T11:34:21 CEST" finished-at="2023-05-14T11:35:44 CEST">
    <groups>
    </groups>
    <test name=" Regression Tests" duration-ms="82572" started-at="2023-05-14T11:34:21 CEST" finished-at="2023-05-14T11:35:44 CEST">
      <class name="com.parasoft.paraproject.AccountServices">
        <test-method status="PASS" signature="setUp()[pri:0, instance:com.parasoft.paraproject.AccountServices@2781e022]" name="setUp" is-config="true" duration-ms="1592" started-at="2023-05-14T11:35:13 CEST" finished-at="2023-05-14T11:35:14 CEST">
          <reporter-output>
          </reporter-output>
        </test-method> <!-- setUp -->
        <test-method status="PASS" signature="testRegistration()[pri:1, instance:com.parasoft.paraproject.AccountServices@2781e022]" name="testRegistration" duration-ms="9129" started-at="2023-05-14T11:35:14 CEST" finished-at="2023-05-14T11:35:23 CEST">
          <reporter-output>
          </reporter-output>
        </test-method> <!-- testRegistration -->
        <test-method status="PASS" signature="testAccountServices()[pri:2, instance:com.parasoft.paraproject.AccountServices@2781e022]" name="testAccountServices" duration-ms="407" started-at="2023-05-14T11:35:23 CEST" finished-at="2023-05-14T11:35:24 CEST">
          <reporter-output>
          </reporter-output>
        </test-method> <!-- testAccountServices -->
        <test-method status="PASS" signature="tearDown()[pri:0, instance:com.parasoft.paraproject.AccountServices@2781e022]" name="tearDown" is-config="true" duration-ms="708" started-at="2023-05-14T11:35:24 CEST" finished-at="2023-05-14T11:35:24 CEST">
          <reporter-output>
          </reporter-output>
        </test-method> <!-- tearDown -->
      </class> <!-- com.parasoft.paraproject.AccountServices -->
      <class name="com.parasoft.paraproject.UpdateContactInfo">
        <test-method status="PASS" signature="setUp()[pri:0, instance:com.parasoft.paraproject.UpdateContactInfo@57e1b0c]" name="setUp" is-config="true" duration-ms="1343" started-at="2023-05-14T11:35:24 CEST" finished-at="2023-05-14T11:35:26 CEST">
          <reporter-output>
          </reporter-output>
        </test-method> <!-- setUp -->
        <test-method status="PASS" signature="testRegistration()[pri:1, instance:com.parasoft.paraproject.UpdateContactInfo@57e1b0c]" name="testRegistration" duration-ms="4681" started-at="2023-05-14T11:35:26 CEST" finished-at="2023-05-14T11:35:30 CEST">
          <reporter-output>
          </reporter-output>
        </test-method> <!-- testRegistration -->
        <test-method status="PASS" signature="testUpdateContactinfo()[pri:2, instance:com.parasoft.paraproject.UpdateContactInfo@57e1b0c]" name="testUpdateContactinfo" duration-ms="3033" started-at="2023-05-14T11:35:30 CEST" finished-at="2023-05-14T11:35:33 CEST">
          <reporter-output>
          </reporter-output>
        </test-method> <!-- testUpdateContactinfo -->
        <test-method status="FAIL" signature="tearDown()[pri:0, instance:com.parasoft.paraproject.UpdateContactInfo@57e1b0c]" name="tearDown" is-config="true" duration-ms="811" started-at="2023-05-14T11:35:33 CEST" finished-at="2023-05-14T11:35:34 CEST">
          <exception class="java.lang.AssertionError">
            <message>
              <![CDATA[java.lang.AssertionError: expected [Profile Updated] but found [Update Profile]]]>
            </message>
            <full-stacktrace>
              <![CDATA[java.lang.AssertionError: java.lang.AssertionError: expected [Profile Updated] but found [Update Profile]
at org.testng.Assert.fail(Assert.java:97)
at com.parasoft.paraproject.UpdateContactInfo.tearDown(UpdateContactInfo.java:78)
at sun.reflect.NativeMethodAccessorImpl.invoke0(Native Method)
at sun.reflect.NativeMethodAccessorImpl.invoke(NativeMethodAccessorImpl.java:62)
at sun.reflect.DelegatingMethodAccessorImpl.invoke(DelegatingMethodAccessorImpl.java:43)
at java.lang.reflect.Method.invoke(Method.java:498)
at org.testng.internal.MethodInvocationHelper.invokeMethod(MethodInvocationHelper.java:134)
at org.testng.internal.MethodInvocationHelper.invokeMethodConsideringTimeout(MethodInvocationHelper.java:63)
at org.testng.internal.ConfigInvoker.invokeConfigurationMethod(ConfigInvoker.java:348)
at org.testng.internal.ConfigInvoker.invokeConfigurations(ConfigInvoker.java:302)
at org.testng.internal.TestMethodWorker.invokeAfterClassMethods(TestMethodWorker.java:217)
at org.testng.internal.TestMethodWorker.run(TestMethodWorker.java:130)
at java.util.ArrayList.forEach(ArrayList.java:1257)
at org.testng.TestRunner.privateRun(TestRunner.java:766)
at org.testng.TestRunner.run(TestRunner.java:587)
at org.testng.SuiteRunner.runTest(SuiteRunner.java:384)
at org.testng.SuiteRunner.runSequentially(SuiteRunner.java:378)
at org.testng.SuiteRunner.privateRun(SuiteRunner.java:337)
at org.testng.SuiteRunner.run(SuiteRunner.java:286)
at org.testng.SuiteRunnerWorker.runSuite(SuiteRunnerWorker.java:53)
at org.testng.SuiteRunnerWorker.run(SuiteRunnerWorker.java:96)
at org.testng.TestNG.runSuitesSequentially(TestNG.java:1187)
at org.testng.TestNG.runSuitesLocally(TestNG.java:1109)
at org.testng.TestNG.runSuites(TestNG.java:1039)
at org.testng.TestNG.run(TestNG.java:1007)
at org.testng.remote.AbstractRemoteTestNG.run(AbstractRemoteTestNG.java:115)
at org.testng.remote.RemoteTestNG.initAndRun(RemoteTestNG.java:251)
at org.testng.remote.RemoteTestNG.main(RemoteTestNG.java:77)
]]>
            </full-stacktrace>
          </exception> <!-- java.lang.AssertionError -->
          <reporter-output>
          </reporter-output>
        </test-method> <!-- tearDown -->
      </class> <!-- com.parasoft.paraproject.UpdateContactInfo -->
      <class name="com.parasoft.paraproject.RequestLoan">
        <test-method status="PASS" signature="setUp()[pri:0, instance:com.parasoft.paraproject.RequestLoan@6ee52dcd]" name="setUp" is-config="true" duration-ms="1394" started-at="2023-05-14T11:34:54 CEST" finished-at="2023-05-14T11:34:55 CEST">
          <reporter-output>
          </reporter-output>
        </test-method> <!-- setUp -->
        <test-method status="PASS" signature="testRegistration()[pri:1, instance:com.parasoft.paraproject.RequestLoan@6ee52dcd]" name="testRegistration" duration-ms="4982" started-at="2023-05-14T11:34:55 CEST" finished-at="2023-05-14T11:35:00 CEST">
          <reporter-output>
          </reporter-output>
        </test-method> <!-- testRegistration -->
        <test-method status="PASS" signature="testRequestLoan1()[pri:2, instance:com.parasoft.paraproject.RequestLoan@6ee52dcd]" name="testRequestLoan1" duration-ms="1866" started-at="2023-05-14T11:35:00 CEST" finished-at="2023-05-14T11:35:02 CEST">
          <reporter-output>
          </reporter-output>
        </test-method> <!-- testRequestLoan1 -->
        <test-method status="PASS" signature="tearDown()[pri:0, instance:com.parasoft.paraproject.RequestLoan@6ee52dcd]" name="tearDown" is-config="true" duration-ms="688" started-at="2023-05-14T11:35:02 CEST" finished-at="2023-05-14T11:35:03 CEST">
          <reporter-output>
          </reporter-output>
        </test-method> <!-- tearDown -->
      </class> <!-- com.parasoft.paraproject.RequestLoan -->
      <class name="com.parasoft.paraproject.OpenAccount">
        <test-method status="PASS" signature="setUp()[pri:0, instance:com.parasoft.paraproject.OpenAccount@704a52ec]" name="setUp" is-config="true" duration-ms="1343" started-at="2023-05-14T11:34:40 CEST" finished-at="2023-05-14T11:34:42 CEST">
          <reporter-output>
          </reporter-output>
        </test-method> <!-- setUp -->
        <test-method status="PASS" signature="testRegistration()[pri:1, instance:com.parasoft.paraproject.OpenAccount@704a52ec]" name="testRegistration" duration-ms="5452" started-at="2023-05-14T11:34:42 CEST" finished-at="2023-05-14T11:34:47 CEST">
          <reporter-output>
          </reporter-output>
        </test-method> <!-- testRegistration -->
        <test-method status="PASS" signature="testOpenNewAccount()[pri:2, instance:com.parasoft.paraproject.OpenAccount@704a52ec]" name="testOpenNewAccount" duration-ms="6141" started-at="2023-05-14T11:34:47 CEST" finished-at="2023-05-14T11:34:53 CEST">
          <reporter-output>
          </reporter-output>
        </test-method> <!-- testOpenNewAccount -->
        <test-method status="PASS" signature="tearDown()[pri:0, instance:com.parasoft.paraproject.OpenAccount@704a52ec]" name="tearDown" is-config="true" duration-ms="764" started-at="2023-05-14T11:34:53 CEST" finished-at="2023-05-14T11:34:54 CEST">
          <reporter-output>
          </reporter-output>
        </test-method> <!-- tearDown -->
      </class> <!-- com.parasoft.paraproject.OpenAccount -->
      <class name="com.parasoft.paraproject.AccountOverview">
        <test-method status="PASS" signature="setUp()[pri:0, instance:com.parasoft.paraproject.AccountOverview@4493d195]" name="setUp" is-config="true" duration-ms="1385" started-at="2023-05-14T11:35:03 CEST" finished-at="2023-05-14T11:35:04 CEST">
          <reporter-output>
          </reporter-output>
        </test-method> <!-- setUp -->
        <test-method status="PASS" signature="testRegistration()[pri:1, instance:com.parasoft.paraproject.AccountOverview@4493d195]" name="testRegistration" duration-ms="5242" started-at="2023-05-14T11:35:04 CEST" finished-at="2023-05-14T11:35:10 CEST">
          <reporter-output>
          </reporter-output>
        </test-method> <!-- testRegistration -->
        <test-method status="PASS" signature="testAccountOverview()[pri:2, instance:com.parasoft.paraproject.AccountOverview@4493d195]" name="testAccountOverview" duration-ms="2337" started-at="2023-05-14T11:35:10 CEST" finished-at="2023-05-14T11:35:12 CEST">
          <reporter-output>
          </reporter-output>
        </test-method> <!-- testAccountOverview -->
        <test-method status="FAIL" signature="tearDown()[pri:0, instance:com.parasoft.paraproject.AccountOverview@4493d195]" name="tearDown" is-config="true" duration-ms="704" started-at="2023-05-14T11:35:12 CEST" finished-at="2023-05-14T11:35:13 CEST">
          <exception class="java.lang.AssertionError">
            <message>
              <![CDATA[java.lang.AssertionError: expected [CHECKING] but found []java.lang.AssertionError: expected [$10000.00] but found []java.lang.AssertionError: expected [$10000.00] but found []]]>
            </message>
            <full-stacktrace>
              <![CDATA[java.lang.AssertionError: java.lang.AssertionError: expected [CHECKING] but found []java.lang.AssertionError: expected [$10000.00] but found []java.lang.AssertionError: expected [$10000.00] but found []
at org.testng.Assert.fail(Assert.java:97)
at com.parasoft.paraproject.AccountOverview.tearDown(AccountOverview.java:113)
at sun.reflect.NativeMethodAccessorImpl.invoke0(Native Method)
at sun.reflect.NativeMethodAccessorImpl.invoke(NativeMethodAccessorImpl.java:62)
at sun.reflect.DelegatingMethodAccessorImpl.invoke(DelegatingMethodAccessorImpl.java:43)
at java.lang.reflect.Method.invoke(Method.java:498)
at org.testng.internal.MethodInvocationHelper.invokeMethod(MethodInvocationHelper.java:134)
at org.testng.internal.MethodInvocationHelper.invokeMethodConsideringTimeout(MethodInvocationHelper.java:63)
at org.testng.internal.ConfigInvoker.invokeConfigurationMethod(ConfigInvoker.java:348)
at org.testng.internal.ConfigInvoker.invokeConfigurations(ConfigInvoker.java:302)
at org.testng.internal.TestMethodWorker.invokeAfterClassMethods(TestMethodWorker.java:217)
at org.testng.internal.TestMethodWorker.run(TestMethodWorker.java:130)
at java.util.ArrayList.forEach(ArrayList.java:1257)
at org.testng.TestRunner.privateRun(TestRunner.java:766)
at org.testng.TestRunner.run(TestRunner.java:587)
at org.testng.SuiteRunner.runTest(SuiteRunner.java:384)
at org.testng.SuiteRunner.runSequentially(SuiteRunner.java:378)
at org.testng.SuiteRunner.privateRun(SuiteRunner.java:337)
at org.testng.SuiteRunner.run(SuiteRunner.java:286)
at org.testng.SuiteRunnerWorker.runSuite(SuiteRunnerWorker.java:53)
at org.testng.SuiteRunnerWorker.run(SuiteRunnerWorker.java:96)
at org.testng.TestNG.runSuitesSequentially(TestNG.java:1187)
at org.testng.TestNG.runSuitesLocally(TestNG.java:1109)
at org.testng.TestNG.runSuites(TestNG.java:1039)
at org.testng.TestNG.run(TestNG.java:1007)
at org.testng.remote.AbstractRemoteTestNG.run(AbstractRemoteTestNG.java:115)
at org.testng.remote.RemoteTestNG.initAndRun(RemoteTestNG.java:251)
at org.testng.remote.RemoteTestNG.main(RemoteTestNG.java:77)
]]>
            </full-stacktrace>
          </exception> <!-- java.lang.AssertionError -->
          <reporter-output>
          </reporter-output>
        </test-method> <!-- tearDown -->
      </class> <!-- com.parasoft.paraproject.AccountOverview -->
      <class name="com.parasoft.paraproject.BillPay">
        <test-method status="PASS" signature="setUp()[pri:0, instance:com.parasoft.paraproject.BillPay@1f57539]" name="setUp" is-config="true" duration-ms="2868" started-at="2023-05-14T11:34:21 CEST" finished-at="2023-05-14T11:34:24 CEST">
          <reporter-output>
          </reporter-output>
        </test-method> <!-- setUp -->
        <test-method status="PASS" signature="testRegistration()[pri:1, instance:com.parasoft.paraproject.BillPay@1f57539]" name="testRegistration" duration-ms="5124" started-at="2023-05-14T11:34:24 CEST" finished-at="2023-05-14T11:34:29 CEST">
          <reporter-output>
          </reporter-output>
        </test-method> <!-- testRegistration -->
        <test-method status="PASS" signature="testBillPay()[pri:2, instance:com.parasoft.paraproject.BillPay@1f57539]" name="testBillPay" duration-ms="3179" started-at="2023-05-14T11:34:29 CEST" finished-at="2023-05-14T11:34:33 CEST">
          <reporter-output>
          </reporter-output>
        </test-method> <!-- testBillPay -->
        <test-method status="FAIL" signature="tearDown()[pri:0, instance:com.parasoft.paraproject.BillPay@1f57539]" name="tearDown" is-config="true" duration-ms="853" started-at="2023-05-14T11:34:33 CEST" finished-at="2023-05-14T11:34:33 CEST">
          <exception class="java.lang.AssertionError">
            <message>
              <![CDATA[java.lang.AssertionError: expected [Bill Payment Complete] but found []java.lang.AssertionError: expected [$100.00] but found []]]>
            </message>
            <full-stacktrace>
              <![CDATA[java.lang.AssertionError: java.lang.AssertionError: expected [Bill Payment Complete] but found []java.lang.AssertionError: expected [$100.00] but found []
at org.testng.Assert.fail(Assert.java:97)
at com.parasoft.paraproject.BillPay.tearDown(BillPay.java:80)
at sun.reflect.NativeMethodAccessorImpl.invoke0(Native Method)
at sun.reflect.NativeMethodAccessorImpl.invoke(NativeMethodAccessorImpl.java:62)
at sun.reflect.DelegatingMethodAccessorImpl.invoke(DelegatingMethodAccessorImpl.java:43)
at java.lang.reflect.Method.invoke(Method.java:498)
at org.testng.internal.MethodInvocationHelper.invokeMethod(MethodInvocationHelper.java:134)
at org.testng.internal.MethodInvocationHelper.invokeMethodConsideringTimeout(MethodInvocationHelper.java:63)
at org.testng.internal.ConfigInvoker.invokeConfigurationMethod(ConfigInvoker.java:348)
at org.testng.internal.ConfigInvoker.invokeConfigurations(ConfigInvoker.java:302)
at org.testng.internal.TestMethodWorker.invokeAfterClassMethods(TestMethodWorker.java:217)
at org.testng.internal.TestMethodWorker.run(TestMethodWorker.java:130)
at java.util.ArrayList.forEach(ArrayList.java:1257)
at org.testng.TestRunner.privateRun(TestRunner.java:766)
at org.testng.TestRunner.run(TestRunner.java:587)
at org.testng.SuiteRunner.runTest(SuiteRunner.java:384)
at org.testng.SuiteRunner.runSequentially(SuiteRunner.java:378)
at org.testng.SuiteRunner.privateRun(SuiteRunner.java:337)
at org.testng.SuiteRunner.run(SuiteRunner.java:286)
at org.testng.SuiteRunnerWorker.runSuite(SuiteRunnerWorker.java:53)
at org.testng.SuiteRunnerWorker.run(SuiteRunnerWorker.java:96)
at org.testng.TestNG.runSuitesSequentially(TestNG.java:1187)
at org.testng.TestNG.runSuitesLocally(TestNG.java:1109)
at org.testng.TestNG.runSuites(TestNG.java:1039)
at org.testng.TestNG.run(TestNG.java:1007)
at org.testng.remote.AbstractRemoteTestNG.run(AbstractRemoteTestNG.java:115)
at org.testng.remote.RemoteTestNG.initAndRun(RemoteTestNG.java:251)
at org.testng.remote.RemoteTestNG.main(RemoteTestNG.java:77)
]]>
            </full-stacktrace>
          </exception> <!-- java.lang.AssertionError -->
          <reporter-output>
          </reporter-output>
        </test-method> <!-- tearDown -->
      </class> <!-- com.parasoft.paraproject.BillPay -->
      <class name="com.parasoft.paraproject.LoginPage">
        <test-method status="PASS" signature="setUp()[pri:0, instance:com.parasoft.paraproject.LoginPage@76f2b07d]" name="setUp" is-config="true" duration-ms="1384" started-at="2023-05-14T11:34:33 CEST" finished-at="2023-05-14T11:34:35 CEST">
          <reporter-output>
          </reporter-output>
        </test-method> <!-- setUp -->
        <test-method status="PASS" signature="testLoginscreen()[pri:0, instance:com.parasoft.paraproject.LoginPage@76f2b07d]" name="testLoginscreen" duration-ms="4757" started-at="2023-05-14T11:34:35 CEST" finished-at="2023-05-14T11:34:40 CEST">
          <reporter-output>
          </reporter-output>
        </test-method> <!-- testLoginscreen -->
        <test-method status="PASS" signature="tearDown()[pri:0, instance:com.parasoft.paraproject.LoginPage@76f2b07d]" name="tearDown" is-config="true" duration-ms="688" started-at="2023-05-14T11:34:40 CEST" finished-at="2023-05-14T11:34:40 CEST">
          <reporter-output>
          </reporter-output>
        </test-method> <!-- tearDown -->
      </class> <!-- com.parasoft.paraproject.LoginPage -->
      <class name="com.parasoft.paraproject.TransferFunds">
        <test-method status="PASS" signature="setUp()[pri:0, instance:com.parasoft.paraproject.TransferFunds@4232c52b]" name="setUp" is-config="true" duration-ms="1399" started-at="2023-05-14T11:35:34 CEST" finished-at="2023-05-14T11:35:36 CEST">
          <reporter-output>
          </reporter-output>
        </test-method> <!-- setUp -->
        <test-method status="PASS" signature="testRegistration()[pri:1, instance:com.parasoft.paraproject.TransferFunds@4232c52b]" name="testRegistration" duration-ms="5828" started-at="2023-05-14T11:35:36 CEST" finished-at="2023-05-14T11:35:42 CEST">
          <reporter-output>
          </reporter-output>
        </test-method> <!-- testRegistration -->
        <test-method status="PASS" signature="testTransferFunds()[pri:2, instance:com.parasoft.paraproject.TransferFunds@4232c52b]" name="testTransferFunds" duration-ms="1583" started-at="2023-05-14T11:35:42 CEST" finished-at="2023-05-14T11:35:43 CEST">
          <reporter-output>
          </reporter-output>
        </test-method> <!-- testTransferFunds -->
        <test-method status="FAIL" signature="tearDown()[pri:0, instance:com.parasoft.paraproject.TransferFunds@4232c52b]" name="tearDown" is-config="true" duration-ms="702" started-at="2023-05-14T11:35:43 CEST" finished-at="2023-05-14T11:35:44 CEST">
          <exception class="java.lang.AssertionError">
            <message>
              <![CDATA[java.lang.AssertionError: expected [$1000.00] but found []]]>
            </message>
            <full-stacktrace>
              <![CDATA[java.lang.AssertionError: java.lang.AssertionError: expected [$1000.00] but found []
at org.testng.Assert.fail(Assert.java:97)
at com.parasoft.paraproject.TransferFunds.tearDown(TransferFunds.java:59)
at sun.reflect.NativeMethodAccessorImpl.invoke0(Native Method)
at sun.reflect.NativeMethodAccessorImpl.invoke(NativeMethodAccessorImpl.java:62)
at sun.reflect.DelegatingMethodAccessorImpl.invoke(DelegatingMethodAccessorImpl.java:43)
at java.lang.reflect.Method.invoke(Method.java:498)
at org.testng.internal.MethodInvocationHelper.invokeMethod(MethodInvocationHelper.java:134)
at org.testng.internal.MethodInvocationHelper.invokeMethodConsideringTimeout(MethodInvocationHelper.java:63)
at org.testng.internal.ConfigInvoker.invokeConfigurationMethod(ConfigInvoker.java:348)
at org.testng.internal.ConfigInvoker.invokeConfigurations(ConfigInvoker.java:302)
at org.testng.internal.TestMethodWorker.invokeAfterClassMethods(TestMethodWorker.java:217)
at org.testng.internal.TestMethodWorker.run(TestMethodWorker.java:130)
at java.util.ArrayList.forEach(ArrayList.java:1257)
at org.testng.TestRunner.privateRun(TestRunner.java:766)
at org.testng.TestRunner.run(TestRunner.java:587)
at org.testng.SuiteRunner.runTest(SuiteRunner.java:384)
at org.testng.SuiteRunner.runSequentially(SuiteRunner.java:378)
at org.testng.SuiteRunner.privateRun(SuiteRunner.java:337)
at org.testng.SuiteRunner.run(SuiteRunner.java:286)
at org.testng.SuiteRunnerWorker.runSuite(SuiteRunnerWorker.java:53)
at org.testng.SuiteRunnerWorker.run(SuiteRunnerWorker.java:96)
at org.testng.TestNG.runSuitesSequentially(TestNG.java:1187)
at org.testng.TestNG.runSuitesLocally(TestNG.java:1109)
at org.testng.TestNG.runSuites(TestNG.java:1039)
at org.testng.TestNG.run(TestNG.java:1007)
at org.testng.remote.AbstractRemoteTestNG.run(AbstractRemoteTestNG.java:115)
at org.testng.remote.RemoteTestNG.initAndRun(RemoteTestNG.java:251)
at org.testng.remote.RemoteTestNG.main(RemoteTestNG.java:77)
]]>
            </full-stacktrace>
          </exception> <!-- java.lang.AssertionError -->
          <reporter-output>
          </reporter-output>
        </test-method> <!-- tearDown -->
      </class> <!-- com.parasoft.paraproject.TransferFunds -->
    </test> <!--  Regression Tests -->
  </suite> <!-- Suite -->
</testng-results>
